25-07-10.12:13:09.017 [main            ] INFO  LogicChainTest         - Starting LogicChainTest using Java 1.8.0_341 on DESKTOP-IQMPG8V with PID 13344 (started by lin in D:\DevTool\Java\java_pro\ddd\big-market\big-market-app)
25-07-10.12:13:09.019 [main            ] INFO  LogicChainTest         - The following 1 profile is active: "dev"
25-07-10.12:13:10.535 [main            ] INFO  RepositoryConfigurationDelegate - Multiple Spring Data modules found, entering strict repository configuration mode
25-07-10.12:13:10.539 [main            ] INFO  RepositoryConfigurationDelegate - Bootstrapping Spring Data Redis repositories in DEFAULT mode.
25-07-10.12:13:10.568 [main            ] INFO  RepositoryConfigurationDelegate - Finished Spring Data repository scanning in 13 ms. Found 0 Redis repository interfaces.
25-07-10.12:13:11.801 [main            ] INFO  Version                - Redisson 3.23.4
25-07-10.12:13:12.221 [redisson-netty-2-5] INFO  MasterPubSubConnectionPool - 1 connections initialized for 127.0.0.1/127.0.0.1:6379
25-07-10.12:13:12.233 [redisson-netty-2-13] INFO  MasterConnectionPool   - 5 connections initialized for 127.0.0.1/127.0.0.1:6379
25-07-10.12:13:13.869 [main            ] INFO  EndpointLinksResolver  - Exposing 1 endpoint(s) beneath base path '/actuator'
25-07-10.12:13:13.926 [main            ] INFO  LogicChainTest         - Started LogicChainTest in 5.284 seconds (JVM running for 6.625)
25-07-10.12:13:14.188 [main            ] INFO  HikariDataSource       - HikariPool-1 - Starting...
25-07-10.12:13:14.396 [main            ] INFO  HikariDataSource       - HikariPool-1 - Start completed.
25-07-10.12:13:14.616 [main            ] INFO  LogicChainTest         - 100001策略装配测试结果：true
25-07-10.12:13:14.626 [main            ] INFO  LogicChainTest         - 100002策略装配测试结果：true
25-07-10.12:13:14.632 [main            ] INFO  LogicChainTest         - 100003策略装配测试结果：true
25-07-10.12:13:48.992 [scheduling-1    ] INFO  UpdateAwardStockJob    - 定时任务，更新奖品消耗库存【延迟队列获取，降低对数据库的更新频次，不要产生竞争】
25-07-10.12:14:51.456 [HikariPool-1 housekeeper] WARN  HikariPool             - HikariPool-1 - Thread starvation or clock leap detected (housekeeper delta=1m2s463ms785µs900ns).
25-07-10.12:15:09.475 [scheduling-1    ] INFO  UpdateAwardStockJob    - 定时任务，更新奖品消耗库存【延迟队列获取，降低对数据库的更新频次，不要产生竞争】
25-07-10.12:23:57.514 [HikariPool-1 housekeeper] WARN  HikariPool             - HikariPool-1 - Thread starvation or clock leap detected (housekeeper delta=9m6s55ms354µs).
25-07-10.12:26:39.029 [HikariPool-1 housekeeper] WARN  HikariPool             - HikariPool-1 - Thread starvation or clock leap detected (housekeeper delta=2m41s517ms177µs400ns).
25-07-10.12:28:34.241 [HikariPool-1 housekeeper] WARN  HikariPool             - HikariPool-1 - Thread starvation or clock leap detected (housekeeper delta=1m55s212ms228µs200ns).
25-07-10.12:28:38.741 [scheduling-1    ] INFO  UpdateAwardStockJob    - 定时任务，更新奖品消耗库存【延迟队列获取，降低对数据库的更新频次，不要产生竞争】
25-07-10.12:29:49.539 [HikariPool-1 housekeeper] WARN  HikariPool             - HikariPool-1 - Thread starvation or clock leap detected (housekeeper delta=1m15s298ms295µs400ns).
25-07-10.12:30:00.340 [scheduling-1    ] INFO  UpdateAwardStockJob    - 定时任务，更新奖品消耗库存【延迟队列获取，降低对数据库的更新频次，不要产生竞争】
25-07-10.12:30:00.340 [main            ] INFO  BackListLogicChain     - 抽奖责任链-黑名单接管 userId:user001 strategyId:100001 ruleModel:rule_blacklist
25-07-10.12:31:01.170 [HikariPool-1 housekeeper] WARN  HikariPool             - HikariPool-1 - Thread starvation or clock leap detected (housekeeper delta=1m11s630ms565µs200ns).
25-07-10.12:31:01.170 [scheduling-1    ] INFO  UpdateAwardStockJob    - 定时任务，更新奖品消耗库存【延迟队列获取，降低对数据库的更新频次，不要产生竞争】
25-07-10.12:40:49.624 [HikariPool-1 housekeeper] WARN  HikariPool             - HikariPool-1 - Thread starvation or clock leap detected (housekeeper delta=9m48s454ms282µs300ns).
25-07-10.12:41:19.982 [main            ] INFO  BackListLogicChain     - 抽奖责任链-黑名单接管 userId:user001 strategyId:100001 ruleModel:rule_blacklist awardId:100
25-07-10.12:41:20.644 [scheduling-1    ] INFO  UpdateAwardStockJob    - 定时任务，更新奖品消耗库存【延迟队列获取，降低对数据库的更新频次，不要产生竞争】
25-07-10.12:42:56.859 [main            ] INFO  LogicChainTest         - Starting LogicChainTest using Java 1.8.0_341 on DESKTOP-IQMPG8V with PID 16764 (started by lin in D:\DevTool\Java\java_pro\ddd\big-market\big-market-app)
25-07-10.12:42:56.859 [main            ] INFO  LogicChainTest         - The following 1 profile is active: "dev"
25-07-10.12:42:57.510 [main            ] INFO  RepositoryConfigurationDelegate - Multiple Spring Data modules found, entering strict repository configuration mode
25-07-10.12:42:57.512 [main            ] INFO  RepositoryConfigurationDelegate - Bootstrapping Spring Data Redis repositories in DEFAULT mode.
25-07-10.12:42:57.538 [main            ] INFO  RepositoryConfigurationDelegate - Finished Spring Data repository scanning in 12 ms. Found 0 Redis repository interfaces.
25-07-10.12:42:58.622 [main            ] INFO  Version                - Redisson 3.23.4
25-07-10.12:42:58.943 [redisson-netty-2-4] INFO  MasterPubSubConnectionPool - 1 connections initialized for 127.0.0.1/127.0.0.1:6379
25-07-10.12:42:58.947 [redisson-netty-2-13] INFO  MasterConnectionPool   - 5 connections initialized for 127.0.0.1/127.0.0.1:6379
25-07-10.12:43:00.319 [main            ] INFO  EndpointLinksResolver  - Exposing 1 endpoint(s) beneath base path '/actuator'
25-07-10.12:43:00.370 [main            ] INFO  LogicChainTest         - Started LogicChainTest in 4.008 seconds (JVM running for 4.735)
25-07-10.12:43:00.693 [main            ] INFO  HikariDataSource       - HikariPool-1 - Starting...
25-07-10.12:43:00.830 [main            ] INFO  HikariDataSource       - HikariPool-1 - Start completed.
25-07-10.12:43:00.896 [main            ] INFO  LogicChainTest         - 100001策略装配测试结果：true
25-07-10.12:43:00.900 [main            ] INFO  LogicChainTest         - 100002策略装配测试结果：true
25-07-10.12:43:00.902 [main            ] INFO  LogicChainTest         - 100003策略装配测试结果：true
25-07-10.12:43:17.901 [HikariPool-1 housekeeper] WARN  HikariPool             - HikariPool-1 - Thread starvation or clock leap detected (housekeeper delta=47s69ms4µs).
25-07-10.12:43:17.901 [scheduling-1    ] INFO  UpdateAwardStockJob    - 定时任务，更新奖品消耗库存【延迟队列获取，降低对数据库的更新频次，不要产生竞争】
25-07-10.12:43:42.999 [scheduling-1    ] INFO  UpdateAwardStockJob    - 定时任务，更新奖品消耗库存【延迟队列获取，降低对数据库的更新频次，不要产生竞争】
25-07-10.12:45:51.050 [scheduling-1    ] INFO  UpdateAwardStockJob    - 定时任务，更新奖品消耗库存【延迟队列获取，降低对数据库的更新频次，不要产生竞争】
25-07-10.12:45:51.050 [HikariPool-1 housekeeper] WARN  HikariPool             - HikariPool-1 - Thread starvation or clock leap detected (housekeeper delta=1m53s904ms15µs400ns).
25-07-10.12:45:51.062 [main            ] INFO  BackListLogicChain     - 抽奖责任链-黑名单接管 userId:lin strategyId:100001 ruleModel:rule_blacklist
25-07-10.12:46:41.480 [HikariPool-1 housekeeper] WARN  HikariPool             - HikariPool-1 - Thread starvation or clock leap detected (housekeeper delta=50s430ms356µs100ns).
25-07-10.12:46:41.474 [scheduling-1    ] INFO  UpdateAwardStockJob    - 定时任务，更新奖品消耗库存【延迟队列获取，降低对数据库的更新频次，不要产生竞争】
25-07-10.12:46:49.311 [scheduling-1    ] INFO  UpdateAwardStockJob    - 定时任务，更新奖品消耗库存【延迟队列获取，降低对数据库的更新频次，不要产生竞争】
25-07-10.12:47:02.852 [main            ] INFO  BackListLogicChain     - 抽奖责任链-黑名单放行 userId:lin strategyId:100001 ruleModel:rule_blacklist
25-07-10.12:47:06.706 [scheduling-1    ] INFO  UpdateAwardStockJob    - 定时任务，更新奖品消耗库存【延迟队列获取，降低对数据库的更新频次，不要产生竞争】
25-07-10.12:47:06.706 [main            ] INFO  RuleWeightLogicChain   - 抽奖责任链-权重开始 userId:lin strategyId:100001 ruleModel:rule_weight
25-07-10.12:47:28.838 [scheduling-1    ] INFO  UpdateAwardStockJob    - 定时任务，更新奖品消耗库存【延迟队列获取，降低对数据库的更新频次，不要产生竞争】
25-07-10.12:52:19.225 [HikariPool-1 housekeeper] WARN  HikariPool             - HikariPool-1 - Thread starvation or clock leap detected (housekeeper delta=5m621ms555µs200ns).
25-07-10.12:52:31.885 [scheduling-1    ] INFO  UpdateAwardStockJob    - 定时任务，更新奖品消耗库存【延迟队列获取，降低对数据库的更新频次，不要产生竞争】
25-07-10.12:55:27.470 [HikariPool-1 housekeeper] WARN  HikariPool             - HikariPool-1 - Thread starvation or clock leap detected (housekeeper delta=3m8s245ms848µs600ns).
25-07-10.12:55:31.572 [scheduling-1    ] INFO  UpdateAwardStockJob    - 定时任务，更新奖品消耗库存【延迟队列获取，降低对数据库的更新频次，不要产生竞争】
25-07-10.12:55:31.576 [main            ] INFO  RuleWeightLogicChain   - 抽奖责任链-权重接管 userId:lin strategyId:100001 ruleModel:rule_weight awardId:103
25-07-10.12:56:12.443 [scheduling-1    ] INFO  UpdateAwardStockJob    - 定时任务，更新奖品消耗库存【延迟队列获取，降低对数据库的更新频次，不要产生竞争】
25-07-10.12:56:35.991 [main            ] INFO  LogicChainTest         - 测试结果是：DefaultChainFactory.StrategyAwardVO(awardId=103, logicModel=rule_weight)
25-07-10.12:56:36.043 [SpringApplicationShutdownHook] INFO  HikariDataSource       - HikariPool-1 - Shutdown initiated...
25-07-10.12:56:36.047 [SpringApplicationShutdownHook] INFO  HikariDataSource       - HikariPool-1 - Shutdown completed.
25-07-10.12:56:38.503 [main            ] INFO  LogicChainTest         - Starting LogicChainTest using Java 1.8.0_341 on DESKTOP-IQMPG8V with PID 21296 (started by lin in D:\DevTool\Java\java_pro\ddd\big-market\big-market-app)
25-07-10.12:56:38.503 [main            ] INFO  LogicChainTest         - The following 1 profile is active: "dev"
25-07-10.12:56:39.113 [main            ] INFO  RepositoryConfigurationDelegate - Multiple Spring Data modules found, entering strict repository configuration mode
25-07-10.12:56:39.117 [main            ] INFO  RepositoryConfigurationDelegate - Bootstrapping Spring Data Redis repositories in DEFAULT mode.
25-07-10.12:56:39.140 [main            ] INFO  RepositoryConfigurationDelegate - Finished Spring Data repository scanning in 12 ms. Found 0 Redis repository interfaces.
25-07-10.12:56:40.279 [main            ] INFO  Version                - Redisson 3.23.4
25-07-10.12:56:40.665 [redisson-netty-2-4] INFO  MasterPubSubConnectionPool - 1 connections initialized for 127.0.0.1/127.0.0.1:6379
25-07-10.12:56:40.675 [redisson-netty-2-13] INFO  MasterConnectionPool   - 5 connections initialized for 127.0.0.1/127.0.0.1:6379
25-07-10.12:56:41.962 [main            ] INFO  EndpointLinksResolver  - Exposing 1 endpoint(s) beneath base path '/actuator'
25-07-10.12:56:42.013 [main            ] INFO  LogicChainTest         - Started LogicChainTest in 3.818 seconds (JVM running for 4.533)
25-07-10.12:56:42.356 [main            ] INFO  HikariDataSource       - HikariPool-1 - Starting...
25-07-10.12:56:42.495 [main            ] INFO  HikariDataSource       - HikariPool-1 - Start completed.
25-07-10.12:56:42.543 [main            ] INFO  LogicChainTest         - 100001策略装配测试结果：true
25-07-10.12:56:42.561 [main            ] INFO  LogicChainTest         - 100002策略装配测试结果：true
25-07-10.12:56:42.565 [main            ] INFO  LogicChainTest         - 100003策略装配测试结果：true
25-07-10.12:56:45.538 [scheduling-1    ] INFO  UpdateAwardStockJob    - 定时任务，更新奖品消耗库存【延迟队列获取，降低对数据库的更新频次，不要产生竞争】
25-07-10.12:56:52.110 [main            ] INFO  BackListLogicChain     - 抽奖责任链-黑名单接管 userId:lin strategyId:100001 ruleModel:rule_blacklist
25-07-10.12:56:55.196 [scheduling-1    ] INFO  UpdateAwardStockJob    - 定时任务，更新奖品消耗库存【延迟队列获取，降低对数据库的更新频次，不要产生竞争】
25-07-10.12:56:57.277 [main            ] INFO  BackListLogicChain     - 抽奖责任链-黑名单放行 userId:lin strategyId:100001 ruleModel:rule_blacklist
25-07-10.12:56:59.539 [main            ] INFO  RuleWeightLogicChain   - 抽奖责任链-权重开始 userId:lin strategyId:100001 ruleModel:rule_weight
25-07-10.12:57:00.654 [scheduling-1    ] INFO  UpdateAwardStockJob    - 定时任务，更新奖品消耗库存【延迟队列获取，降低对数据库的更新频次，不要产生竞争】
25-07-10.12:57:05.947 [scheduling-1    ] INFO  UpdateAwardStockJob    - 定时任务，更新奖品消耗库存【延迟队列获取，降低对数据库的更新频次，不要产生竞争】
25-07-10.12:57:06.299 [main            ] INFO  RuleWeightLogicChain   - 抽奖责任链-权重接管 userId:lin strategyId:100001 ruleModel:rule_weight awardId:104
25-07-10.12:57:11.347 [scheduling-1    ] INFO  UpdateAwardStockJob    - 定时任务，更新奖品消耗库存【延迟队列获取，降低对数据库的更新频次，不要产生竞争】
25-07-10.12:58:06.914 [main            ] INFO  LogicChainTest         - Starting LogicChainTest using Java 1.8.0_341 on DESKTOP-IQMPG8V with PID 13832 (started by lin in D:\DevTool\Java\java_pro\ddd\big-market\big-market-app)
25-07-10.12:58:06.916 [main            ] INFO  LogicChainTest         - The following 1 profile is active: "dev"
25-07-10.12:58:07.517 [main            ] INFO  RepositoryConfigurationDelegate - Multiple Spring Data modules found, entering strict repository configuration mode
25-07-10.12:58:07.521 [main            ] INFO  RepositoryConfigurationDelegate - Bootstrapping Spring Data Redis repositories in DEFAULT mode.
25-07-10.12:58:07.544 [main            ] INFO  RepositoryConfigurationDelegate - Finished Spring Data repository scanning in 12 ms. Found 0 Redis repository interfaces.
25-07-10.12:58:08.602 [main            ] INFO  Version                - Redisson 3.23.4
25-07-10.12:58:08.936 [redisson-netty-2-5] INFO  MasterPubSubConnectionPool - 1 connections initialized for 127.0.0.1/127.0.0.1:6379
25-07-10.12:58:08.944 [redisson-netty-2-13] INFO  MasterConnectionPool   - 5 connections initialized for 127.0.0.1/127.0.0.1:6379
25-07-10.12:58:10.233 [main            ] INFO  EndpointLinksResolver  - Exposing 1 endpoint(s) beneath base path '/actuator'
25-07-10.12:58:10.299 [main            ] INFO  LogicChainTest         - Started LogicChainTest in 3.808 seconds (JVM running for 4.588)
25-07-10.12:58:10.742 [main            ] INFO  HikariDataSource       - HikariPool-1 - Starting...
25-07-10.12:58:10.903 [main            ] INFO  HikariDataSource       - HikariPool-1 - Start completed.
25-07-10.12:58:11.006 [main            ] INFO  LogicChainTest         - 100001策略装配测试结果：true
25-07-10.12:58:11.010 [main            ] INFO  LogicChainTest         - 100002策略装配测试结果：true
25-07-10.12:58:11.015 [main            ] INFO  LogicChainTest         - 100003策略装配测试结果：true
25-07-10.12:58:15.110 [scheduling-1    ] INFO  UpdateAwardStockJob    - 定时任务，更新奖品消耗库存【延迟队列获取，降低对数据库的更新频次，不要产生竞争】
25-07-10.12:58:23.215 [main            ] INFO  BackListLogicChain     - 抽奖责任链-黑名单接管 userId:lin strategyId:100001 ruleModel:rule_blacklist
25-07-10.12:58:26.049 [scheduling-1    ] INFO  UpdateAwardStockJob    - 定时任务，更新奖品消耗库存【延迟队列获取，降低对数据库的更新频次，不要产生竞争】
25-07-10.12:58:40.211 [scheduling-1    ] INFO  UpdateAwardStockJob    - 定时任务，更新奖品消耗库存【延迟队列获取，降低对数据库的更新频次，不要产生竞争】
25-07-10.12:58:40.212 [main            ] INFO  BackListLogicChain     - 抽奖责任链-黑名单放行 userId:lin strategyId:100001 ruleModel:rule_blacklist
25-07-10.12:58:46.342 [main            ] INFO  RuleWeightLogicChain   - 抽奖责任链-权重开始 userId:lin strategyId:100001 ruleModel:rule_weight
25-07-10.12:58:57.337 [scheduling-1    ] INFO  UpdateAwardStockJob    - 定时任务，更新奖品消耗库存【延迟队列获取，降低对数据库的更新频次，不要产生竞争】
25-07-10.12:59:14.757 [scheduling-1    ] INFO  UpdateAwardStockJob    - 定时任务，更新奖品消耗库存【延迟队列获取，降低对数据库的更新频次，不要产生竞争】
25-07-10.12:59:16.514 [scheduling-1    ] INFO  UpdateAwardStockJob    - 定时任务，更新奖品消耗库存【延迟队列获取，降低对数据库的更新频次，不要产生竞争】
25-07-10.12:59:34.437 [main            ] INFO  RuleWeightLogicChain   - 抽奖责任链-权重放行 userId:lin strategyId:100001 ruleModel:rule_weight
25-07-10.12:59:34.437 [scheduling-1    ] INFO  UpdateAwardStockJob    - 定时任务，更新奖品消耗库存【延迟队列获取，降低对数据库的更新频次，不要产生竞争】
25-07-10.12:59:39.570 [main            ] INFO  DefaultLogicChain      - 抽奖责任链-默认处理 userId:lin strategyId:100001 ruleModel:rule_default awardId:103
25-07-10.12:59:44.727 [scheduling-1    ] INFO  UpdateAwardStockJob    - 定时任务，更新奖品消耗库存【延迟队列获取，降低对数据库的更新频次，不要产生竞争】
25-07-10.12:59:45.215 [scheduling-1    ] INFO  UpdateAwardStockJob    - 定时任务，更新奖品消耗库存【延迟队列获取，降低对数据库的更新频次，不要产生竞争】
25-07-10.13:36:47.282 [main            ] INFO  LogicTreeTest          - Starting LogicTreeTest using Java 1.8.0_341 on DESKTOP-IQMPG8V with PID 17004 (started by lin in D:\DevTool\Java\java_pro\ddd\big-market\big-market-app)
25-07-10.13:36:47.282 [main            ] INFO  LogicTreeTest          - The following 1 profile is active: "dev"
25-07-10.13:36:47.886 [main            ] INFO  RepositoryConfigurationDelegate - Multiple Spring Data modules found, entering strict repository configuration mode
25-07-10.13:36:47.888 [main            ] INFO  RepositoryConfigurationDelegate - Bootstrapping Spring Data Redis repositories in DEFAULT mode.
25-07-10.13:36:47.906 [main            ] INFO  RepositoryConfigurationDelegate - Finished Spring Data repository scanning in 10 ms. Found 0 Redis repository interfaces.
25-07-10.13:36:48.900 [main            ] INFO  Version                - Redisson 3.23.4
25-07-10.13:36:49.264 [redisson-netty-2-4] INFO  MasterPubSubConnectionPool - 1 connections initialized for 127.0.0.1/127.0.0.1:6379
25-07-10.13:36:49.269 [redisson-netty-2-13] INFO  MasterConnectionPool   - 5 connections initialized for 127.0.0.1/127.0.0.1:6379
25-07-10.13:36:50.520 [main            ] INFO  EndpointLinksResolver  - Exposing 1 endpoint(s) beneath base path '/actuator'
25-07-10.13:36:50.575 [main            ] INFO  LogicTreeTest          - Started LogicTreeTest in 3.718 seconds (JVM running for 4.443)
25-07-10.13:36:50.754 [main            ] INFO  RuleLockLogicTreeNode  - 规则过滤-次数锁 userId:xiaofuge strategyId:100001 awardId:100
25-07-10.13:36:50.754 [main            ] INFO  DecisionTreeEngine     - 决策树引擎【决策树规则；增加dall-e-3画图模型】treeId:100000001 node:rule_lock code:0000
25-07-10.13:36:50.756 [main            ] INFO  RuleStockLogicTreeNode - 规则过滤-库存扣减 userId:xiaofuge strategyId:100001 awardId:100
25-07-10.13:36:50.803 [main            ] WARN  RuleStockLogicTreeNode - 规则过滤-库存扣减-告警，库存不足。userId:xiaofuge strategyId:100001 awardId:100
25-07-10.13:36:50.803 [main            ] INFO  DecisionTreeEngine     - 决策树引擎【决策树规则；增加dall-e-3画图模型】treeId:100000001 node:rule_stock code:0000
25-07-10.13:36:50.945 [main            ] INFO  LogicTreeTest          - 测试结果：null
25-07-10.13:39:13.051 [main            ] INFO  LogicTreeTest          - Starting LogicTreeTest using Java 1.8.0_341 on DESKTOP-IQMPG8V with PID 22768 (started by lin in D:\DevTool\Java\java_pro\ddd\big-market\big-market-app)
25-07-10.13:39:13.051 [main            ] INFO  LogicTreeTest          - The following 1 profile is active: "dev"
25-07-10.13:39:13.639 [main            ] INFO  RepositoryConfigurationDelegate - Multiple Spring Data modules found, entering strict repository configuration mode
25-07-10.13:39:13.641 [main            ] INFO  RepositoryConfigurationDelegate - Bootstrapping Spring Data Redis repositories in DEFAULT mode.
25-07-10.13:39:13.661 [main            ] INFO  RepositoryConfigurationDelegate - Finished Spring Data repository scanning in 11 ms. Found 0 Redis repository interfaces.
25-07-10.13:39:14.647 [main            ] INFO  Version                - Redisson 3.23.4
25-07-10.13:39:14.965 [redisson-netty-2-4] INFO  MasterPubSubConnectionPool - 1 connections initialized for 127.0.0.1/127.0.0.1:6379
25-07-10.13:39:14.977 [redisson-netty-2-13] INFO  MasterConnectionPool   - 5 connections initialized for 127.0.0.1/127.0.0.1:6379
25-07-10.13:39:16.338 [main            ] INFO  EndpointLinksResolver  - Exposing 1 endpoint(s) beneath base path '/actuator'
25-07-10.13:39:16.397 [main            ] INFO  LogicTreeTest          - Started LogicTreeTest in 3.705 seconds (JVM running for 4.402)
25-07-10.12:41:32.427 [scheduling-1    ] INFO  UpdateAwardStockJob    - 定时任务，更新奖品消耗库存【延迟队列获取，降低对数据库的更新频次，不要产生竞争】
25-07-10.14:45:40.300 [main            ] INFO  LogicChainTest         - 测试结果是：DefaultChainFactory.StrategyAwardVO(awardId=100, logicModel=rule_blacklist)
25-07-10.12:57:21.602 [scheduling-1    ] INFO  UpdateAwardStockJob    - 定时任务，更新奖品消耗库存【延迟队列获取，降低对数据库的更新频次，不要产生竞争】
25-07-10.14:45:40.405 [HikariPool-1 housekeeper] WARN  HikariPool             - HikariPool-1 - Thread starvation or clock leap detected (housekeeper delta=1h48m21s11ms424µs600ns).
25-07-10.14:45:40.411 [main            ] INFO  LogicChainTest         - 测试结果是：DefaultChainFactory.StrategyAwardVO(awardId=104, logicModel=rule_weight)
25-07-10.12:59:52.243 [scheduling-1    ] INFO  UpdateAwardStockJob    - 定时任务，更新奖品消耗库存【延迟队列获取，降低对数据库的更新频次，不要产生竞争】
25-07-10.14:45:40.442 [main            ] INFO  LogicChainTest         - 测试结果是：DefaultChainFactory.StrategyAwardVO(awardId=103, logicModel=rule_default)
25-07-10.14:45:40.442 [HikariPool-1 housekeeper] WARN  HikariPool             - HikariPool-1 - Thread starvation or clock leap detected (housekeeper delta=1h45m52s756ms782µs600ns).
25-07-10.14:45:40.458 [scheduling-1    ] INFO  UpdateAwardStockJob    - 定时任务，更新奖品消耗库存【延迟队列获取，降低对数据库的更新频次，不要产生竞争】
25-07-10.14:45:40.506 [main            ] INFO  RuleLockLogicTreeNode  - 规则过滤-次数锁 userId:xiaofuge strategyId:100001 awardId:100
25-07-10.14:45:40.506 [redisson-timer-4-1] ERROR PingConnectionHandler  - Unable to send PING command over channel: [id: 0xc875801b, L:/127.0.0.1:11961 - R:127.0.0.1/127.0.0.1:6379]
org.redisson.client.RedisTimeoutException: Command execution timeout for command: (PING), params: [], Redis client: [addr=redis://127.0.0.1:6379]
	at org.redisson.client.RedisConnection.lambda$async$0(RedisConnection.java:256)
	at io.netty.util.HashedWheelTimer$HashedWheelTimeout.run(HashedWheelTimer.java:715)
	at io.netty.util.concurrent.ImmediateExecutor.execute(ImmediateExecutor.java:34)
	at io.netty.util.HashedWheelTimer$HashedWheelTimeout.expire(HashedWheelTimer.java:703)
	at io.netty.util.HashedWheelTimer$HashedWheelBucket.expireTimeouts(HashedWheelTimer.java:790)
	at io.netty.util.HashedWheelTimer$Worker.run(HashedWheelTimer.java:503)
	at io.netty.util.concurrent.FastThreadLocalRunnable.run(FastThreadLocalRunnable.java:30)
	at java.lang.Thread.run(Thread.java:750)
25-07-10.14:45:40.522 [main            ] INFO  DecisionTreeEngine     - 决策树引擎【决策树规则；增加dall-e-3画图模型】treeId:100000001 node:rule_lock code:0000
25-07-10.14:45:40.522 [main            ] INFO  RuleStockLogicTreeNode - 规则过滤-库存扣减 userId:xiaofuge strategyId:100001 awardId:100
25-07-10.14:45:40.627 [SpringApplicationShutdownHook] INFO  HikariDataSource       - HikariPool-1 - Shutdown initiated...
25-07-10.14:45:40.643 [SpringApplicationShutdownHook] INFO  HikariDataSource       - HikariPool-1 - Shutdown completed.
25-07-10.14:45:40.696 [SpringApplicationShutdownHook] INFO  HikariDataSource       - HikariPool-1 - Shutdown initiated...
25-07-10.14:45:40.711 [SpringApplicationShutdownHook] INFO  HikariDataSource       - HikariPool-1 - Shutdown completed.
25-07-10.14:45:40.722 [SpringApplicationShutdownHook] INFO  HikariDataSource       - HikariPool-1 - Shutdown initiated...
25-07-10.14:45:40.727 [SpringApplicationShutdownHook] INFO  HikariDataSource       - HikariPool-1 - Shutdown completed.
