25-07-27.00:15:14.984 [org.springframework.amqp.rabbit.RabbitListenerEndpointContainer#0-2] INFO  SimpleMessageListenerContainer - Waiting for workers to finish.
25-07-27.00:15:14.987 [org.springframework.amqp.rabbit.RabbitListenerEndpointContainer#1-2] INFO  SimpleMessageListenerContainer - Waiting for workers to finish.
25-07-27.00:15:14.989 [org.springframework.amqp.rabbit.RabbitListenerEndpointContainer#2-2] INFO  SimpleMessageListenerContainer - Waiting for workers to finish.
25-07-27.00:15:15.272 [org.springframework.amqp.rabbit.RabbitListenerEndpointContainer#1-2] INFO  SimpleMessageListenerContainer - Successfully waited for workers to finish.
25-07-27.00:15:15.462 [org.springframework.amqp.rabbit.RabbitListenerEndpointContainer#0-2] INFO  SimpleMessageListenerContainer - Successfully waited for workers to finish.
25-07-27.00:15:15.681 [org.springframework.amqp.rabbit.RabbitListenerEndpointContainer#2-2] INFO  SimpleMessageListenerContainer - Successfully waited for workers to finish.
25-07-27.00:15:15.684 [SpringApplicationShutdownHook] INFO  SimpleMessageListenerContainer - Shutdown ignored - container is already stopped
25-07-27.00:15:15.685 [SpringApplicationShutdownHook] INFO  SimpleMessageListenerContainer - Shutdown ignored - container is already stopped
25-07-27.00:15:15.685 [SpringApplicationShutdownHook] INFO  SimpleMessageListenerContainer - Shutdown ignored - container is already stopped
25-07-27.00:15:19.285 [main            ] INFO  BehaviorRebateServiceTest - Starting BehaviorRebateServiceTest using Java 1.8.0_341 on DESKTOP-IQMPG8V with PID 23240 (started by lin in D:\DevTool\Java\java_pro\ddd\big-market\big-market-app)
25-07-27.00:15:19.291 [main            ] INFO  BehaviorRebateServiceTest - The following 1 profile is active: "dev"
25-07-27.00:15:19.990 [main            ] INFO  RepositoryConfigurationDelegate - Multiple Spring Data modules found, entering strict repository configuration mode
25-07-27.00:15:19.990 [main            ] INFO  RepositoryConfigurationDelegate - Bootstrapping Spring Data Redis repositories in DEFAULT mode.
25-07-27.00:15:20.020 [main            ] INFO  RepositoryConfigurationDelegate - Finished Spring Data repository scanning in 19 ms. Found 0 Redis repository interfaces.
25-07-27.00:15:21.065 [main            ] INFO  Version                - Redisson 3.23.4
25-07-27.00:15:21.399 [redisson-netty-2-4] INFO  MasterPubSubConnectionPool - 1 connections initialized for 127.0.0.1/127.0.0.1:16379
25-07-27.00:15:21.414 [redisson-netty-2-13] INFO  MasterConnectionPool   - 5 connections initialized for 127.0.0.1/127.0.0.1:16379
25-07-27.00:15:23.597 [main            ] INFO  EndpointLinksResolver  - Exposing 1 endpoint(s) beneath base path '/actuator'
25-07-27.00:15:23.655 [main            ] INFO  CachingConnectionFactory - Attempting to connect to: [127.0.0.1:5672]
25-07-27.00:15:23.700 [main            ] INFO  CachingConnectionFactory - Created new connection: rabbitConnectionFactory#1da745a2:0/SimpleConnection@30b9728f [delegate=amqp://admin@127.0.0.1:5672/, localPort= 11325]
25-07-27.00:15:23.769 [main            ] INFO  BehaviorRebateServiceTest - Started BehaviorRebateServiceTest in 4.761 seconds (JVM running for 5.302)
25-07-27.00:15:23.951 [main            ] INFO  HikariDataSource       - Retail_HikariCP - Starting...
25-07-27.00:15:24.133 [main            ] INFO  HikariDataSource       - Retail_HikariCP - Start completed.
25-07-27.00:15:24.204 [main            ] INFO  HikariDataSource       - Retail_HikariCP - Starting...
25-07-27.00:15:24.228 [main            ] INFO  HikariDataSource       - Retail_HikariCP - Start completed.
25-07-27.00:15:24.393 [main            ] INFO  EventPublisher         - 发送MQ消息 topic:send_rebate message:{"data":{"bizId":"xiaofuge_sku_2024042903","rebateConfig":"9011","rebateType":"sku","userId":"xiaofuge"},"id":"00332734942","timestamp":1753546524201}
25-07-27.00:15:24.400 [org.springframework.amqp.rabbit.RabbitListenerEndpointContainer#1-1] INFO  RebateMessageCustomer  - 监听用户行为返利消息 topic: send_rebate message: {"data":{"bizId":"xiaofuge_sku_2024042903","rebateConfig":"9011","rebateType":"sku","userId":"xiaofuge"},"id":"00332734942","timestamp":1753546524201}
25-07-27.00:15:24.411 [main            ] INFO  EventPublisher         - 发送MQ消息 topic:send_rebate message:{"data":{"bizId":"xiaofuge_integral_2024042903","rebateConfig":"10","rebateType":"integral","userId":"xiaofuge"},"id":"32300426769","timestamp":1753546524202}
25-07-27.00:15:24.424 [main            ] INFO  BehaviorRebateServiceTest - 请求参数：{"behaviorTypeVO":"SIGN","outBusinessNo":"2024042903","userId":"xiaofuge"}
25-07-27.00:15:24.427 [main            ] INFO  BehaviorRebateServiceTest - 测试结果：["981974209909","625341442990"]
25-07-27.00:15:24.444 [org.springframework.amqp.rabbit.RabbitListenerEndpointContainer#1-1] INFO  ActivityBaseActionChain - 活动责任链-基础信息【有效期、状态、库存(sku)】校验开始。sku:9011 activityId:100301
25-07-27.00:15:24.444 [org.springframework.amqp.rabbit.RabbitListenerEndpointContainer#1-1] INFO  ActivitySkuStockActionChain - 活动责任链-商品库存处理【校验&扣减】开始。
25-07-27.00:15:24.448 [org.springframework.amqp.rabbit.RabbitListenerEndpointContainer#1-1] INFO  ActivitySkuStockActionChain - 活动责任链-商品库存处理【有效期、状态、库存（sku）】成功。sku：9011 activityId:100301
25-07-27.00:15:24.492 [org.springframework.amqp.rabbit.RabbitListenerEndpointContainer#1-1] INFO  RebateMessageCustomer  - 监听用户行为返利消息 topic: send_rebate message: {"data":{"bizId":"xiaofuge_integral_2024042903","rebateConfig":"10","rebateType":"integral","userId":"xiaofuge"},"id":"32300426769","timestamp":1753546524202}
25-07-27.00:15:24.493 [org.springframework.amqp.rabbit.RabbitListenerEndpointContainer#1-1] INFO  RebateMessageCustomer  - 监听用户行为返利消息 - 非sku奖励暂时不处理 topic: send_rebate message: {"data":{"bizId":"xiaofuge_integral_2024042903","rebateConfig":"10","rebateType":"integral","userId":"xiaofuge"},"id":"32300426769","timestamp":1753546524202}
25-07-27.00:15:25.020 [pool-3-thread-2 ] INFO  HikariDataSource       - Retail_HikariCP - Starting...
25-07-27.00:15:25.037 [pool-3-thread-2 ] INFO  HikariDataSource       - Retail_HikariCP - Start completed.
25-07-27.00:29:14.935 [org.springframework.amqp.rabbit.RabbitListenerEndpointContainer#0-2] INFO  SimpleMessageListenerContainer - Waiting for workers to finish.
25-07-27.00:29:14.938 [org.springframework.amqp.rabbit.RabbitListenerEndpointContainer#1-2] INFO  SimpleMessageListenerContainer - Waiting for workers to finish.
25-07-27.00:29:14.939 [org.springframework.amqp.rabbit.RabbitListenerEndpointContainer#2-2] INFO  SimpleMessageListenerContainer - Waiting for workers to finish.
25-07-27.00:29:15.104 [org.springframework.amqp.rabbit.RabbitListenerEndpointContainer#2-2] INFO  SimpleMessageListenerContainer - Successfully waited for workers to finish.
25-07-27.00:29:15.106 [org.springframework.amqp.rabbit.RabbitListenerEndpointContainer#1-2] INFO  SimpleMessageListenerContainer - Successfully waited for workers to finish.
25-07-27.00:29:15.610 [org.springframework.amqp.rabbit.RabbitListenerEndpointContainer#0-2] INFO  SimpleMessageListenerContainer - Successfully waited for workers to finish.
25-07-27.00:29:15.613 [SpringApplicationShutdownHook] INFO  SimpleMessageListenerContainer - Shutdown ignored - container is already stopped
25-07-27.00:29:15.613 [SpringApplicationShutdownHook] INFO  SimpleMessageListenerContainer - Shutdown ignored - container is already stopped
25-07-27.00:29:15.613 [SpringApplicationShutdownHook] INFO  SimpleMessageListenerContainer - Shutdown ignored - container is already stopped
